<?xml version="1.0" encoding="UTF-8"?>
<!-- Generated by org.testng.reporters.JUnitReportReporter -->
<testsuite hostname="HP-WYLDC" failures="0" tests="2" name="com.juaracoding.healthcare.definitions.runners.RunnersApp" time="57.225" errors="0" timestamp="2025-09-01T14:42:13 WIB" skipped="0">
  <testcase classname="com.juaracoding.healthcare.definitions.runners.RunnersApp" name="runScenario" time="31.819"/>
  <testcase classname="com.juaracoding.healthcare.definitions.runners.RunnersApp" name="runScenario" time="25.406"/>
</testsuite> <!-- com.juaracoding.healthcare.definitions.runners.RunnersApp -->
