<?xml version="1.0" encoding="UTF-8"?>
<!-- Generated by org.testng.reporters.JUnitReportReporter -->
<testsuite hostname="HP-WYLDC" failures="0" tests="1" name="com.juaracoding.healthcare.definitions.runners.RunnersApp" time="18.722" errors="0" timestamp="2025-09-05T17:56:05 WIB" skipped="0">
  <testcase classname="com.juaracoding.healthcare.definitions.runners.RunnersApp" name="runScenario" time="18.722"/>
</testsuite> <!-- com.juaracoding.healthcare.definitions.runners.RunnersApp -->
