<?xml version="1.0" encoding="UTF-8"?>
<!-- Generated by org.testng.reporters.JUnitReportReporter -->
<testsuite hostname="HP-WYLDC" failures="0" tests="21" name="com.juaracoding.healthcare.definitions.runners.RunnersApp" time="482.917" errors="0" timestamp="2025-09-04T13:47:15 WIB" skipped="0">
  <testcase classname="com.juaracoding.healthcare.definitions.runners.RunnersApp" name="runScenario" time="27.802"/>
  <testcase classname="com.juaracoding.healthcare.definitions.runners.RunnersApp" name="runScenario" time="24.660"/>
  <testcase classname="com.juaracoding.healthcare.definitions.runners.RunnersApp" name="runScenario" time="21.756"/>
  <testcase classname="com.juaracoding.healthcare.definitions.runners.RunnersApp" name="runScenario" time="17.128"/>
  <testcase classname="com.juaracoding.healthcare.definitions.runners.RunnersApp" name="runScenario" time="20.828"/>
  <testcase classname="com.juaracoding.healthcare.definitions.runners.RunnersApp" name="runScenario" time="22.693"/>
  <testcase classname="com.juaracoding.healthcare.definitions.runners.RunnersApp" name="runScenario" time="24.032"/>
  <testcase classname="com.juaracoding.healthcare.definitions.runners.RunnersApp" name="runScenario" time="23.407"/>
  <testcase classname="com.juaracoding.healthcare.definitions.runners.RunnersApp" name="runScenario" time="17.128"/>
  <testcase classname="com.juaracoding.healthcare.definitions.runners.RunnersApp" name="runScenario" time="26.053"/>
  <testcase classname="com.juaracoding.healthcare.definitions.runners.RunnersApp" name="runScenario" time="29.100"/>
  <testcase classname="com.juaracoding.healthcare.definitions.runners.RunnersApp" name="runScenario" time="20.053"/>
  <testcase classname="com.juaracoding.healthcare.definitions.runners.RunnersApp" name="runScenario" time="22.623"/>
  <testcase classname="com.juaracoding.healthcare.definitions.runners.RunnersApp" name="runScenario" time="25.430"/>
  <testcase classname="com.juaracoding.healthcare.definitions.runners.RunnersApp" name="runScenario" time="26.075"/>
  <testcase classname="com.juaracoding.healthcare.definitions.runners.RunnersApp" name="runScenario" time="21.443"/>
  <testcase classname="com.juaracoding.healthcare.definitions.runners.RunnersApp" name="runScenario" time="23.990"/>
  <testcase classname="com.juaracoding.healthcare.definitions.runners.RunnersApp" name="runScenario" time="24.018"/>
  <testcase classname="com.juaracoding.healthcare.definitions.runners.RunnersApp" name="runScenario" time="21.110"/>
  <testcase classname="com.juaracoding.healthcare.definitions.runners.RunnersApp" name="runScenario" time="22.995"/>
  <testcase classname="com.juaracoding.healthcare.definitions.runners.RunnersApp" name="runScenario" time="20.593"/>
</testsuite> <!-- com.juaracoding.healthcare.definitions.runners.RunnersApp -->
