<?xml version="1.0" encoding="UTF-8"?>
<testsuite xmlns:xsi="http://www.w3.org/2001/XMLSchema-instance" xsi:noNamespaceSchemaLocation="https://maven.apache.org/surefire/maven-surefire-plugin/xsd/surefire-test-report-3.0.xsd" version="3.0" name="TestSuite" time="506.452" tests="21" errors="0" skipped="0" failures="0">
  <properties>
    <property name="java.specification.version" value="21"/>
    <property name="sun.cpu.isalist" value="amd64"/>
    <property name="sun.jnu.encoding" value="Cp1252"/>
    <property name="java.class.path" value="C:\Users\HP\Juara Coding\VSCODE\CuraHealth\target\test-classes;C:\Users\HP\Juara Coding\VSCODE\CuraHealth\target\classes;C:\Users\HP\.m2\repository\org\seleniumhq\selenium\selenium-java\4.34.0\selenium-java-4.34.0.jar;C:\Users\HP\.m2\repository\org\seleniumhq\selenium\selenium-api\4.34.0\selenium-api-4.34.0.jar;C:\Users\HP\.m2\repository\org\jspecify\jspecify\1.0.0\jspecify-1.0.0.jar;C:\Users\HP\.m2\repository\org\seleniumhq\selenium\selenium-chrome-driver\4.34.0\selenium-chrome-driver-4.34.0.jar;C:\Users\HP\.m2\repository\com\google\auto\service\auto-service-annotations\1.1.1\auto-service-annotations-1.1.1.jar;C:\Users\HP\.m2\repository\org\seleniumhq\selenium\selenium-chromium-driver\4.34.0\selenium-chromium-driver-4.34.0.jar;C:\Users\HP\.m2\repository\org\seleniumhq\selenium\selenium-json\4.34.0\selenium-json-4.34.0.jar;C:\Users\HP\.m2\repository\org\seleniumhq\selenium\selenium-manager\4.34.0\selenium-manager-4.34.0.jar;C:\Users\HP\.m2\repository\org\seleniumhq\selenium\selenium-devtools-v136\4.34.0\selenium-devtools-v136-4.34.0.jar;C:\Users\HP\.m2\repository\org\seleniumhq\selenium\selenium-devtools-v137\4.34.0\selenium-devtools-v137-4.34.0.jar;C:\Users\HP\.m2\repository\org\seleniumhq\selenium\selenium-devtools-v138\4.34.0\selenium-devtools-v138-4.34.0.jar;C:\Users\HP\.m2\repository\org\seleniumhq\selenium\selenium-edge-driver\4.34.0\selenium-edge-driver-4.34.0.jar;C:\Users\HP\.m2\repository\org\seleniumhq\selenium\selenium-firefox-driver\4.34.0\selenium-firefox-driver-4.34.0.jar;C:\Users\HP\.m2\repository\org\seleniumhq\selenium\selenium-http\4.34.0\selenium-http-4.34.0.jar;C:\Users\HP\.m2\repository\org\seleniumhq\selenium\selenium-ie-driver\4.34.0\selenium-ie-driver-4.34.0.jar;C:\Users\HP\.m2\repository\org\seleniumhq\selenium\selenium-remote-driver\4.34.0\selenium-remote-driver-4.34.0.jar;C:\Users\HP\.m2\repository\com\google\guava\guava\33.4.8-jre\guava-33.4.8-jre.jar;C:\Users\HP\.m2\repository\com\google\guava\failureaccess\1.0.3\failureaccess-1.0.3.jar;C:\Users\HP\.m2\repository\com\google\guava\listenablefuture\9999.0-empty-to-avoid-conflict-with-guava\listenablefuture-9999.0-empty-to-avoid-conflict-with-guava.jar;C:\Users\HP\.m2\repository\com\google\errorprone\error_prone_annotations\2.36.0\error_prone_annotations-2.36.0.jar;C:\Users\HP\.m2\repository\com\google\j2objc\j2objc-annotations\3.0.0\j2objc-annotations-3.0.0.jar;C:\Users\HP\.m2\repository\io\opentelemetry\opentelemetry-api\1.51.0\opentelemetry-api-1.51.0.jar;C:\Users\HP\.m2\repository\io\opentelemetry\opentelemetry-context\1.51.0\opentelemetry-context-1.51.0.jar;C:\Users\HP\.m2\repository\io\opentelemetry\opentelemetry-exporter-logging\1.51.0\opentelemetry-exporter-logging-1.51.0.jar;C:\Users\HP\.m2\repository\io\opentelemetry\opentelemetry-sdk-common\1.51.0\opentelemetry-sdk-common-1.51.0.jar;C:\Users\HP\.m2\repository\io\opentelemetry\opentelemetry-sdk-extension-autoconfigure-spi\1.51.0\opentelemetry-sdk-extension-autoconfigure-spi-1.51.0.jar;C:\Users\HP\.m2\repository\io\opentelemetry\opentelemetry-sdk-extension-autoconfigure\1.51.0\opentelemetry-sdk-extension-autoconfigure-1.51.0.jar;C:\Users\HP\.m2\repository\io\opentelemetry\opentelemetry-sdk-trace\1.51.0\opentelemetry-sdk-trace-1.51.0.jar;C:\Users\HP\.m2\repository\io\opentelemetry\opentelemetry-sdk\1.51.0\opentelemetry-sdk-1.51.0.jar;C:\Users\HP\.m2\repository\io\opentelemetry\opentelemetry-sdk-metrics\1.51.0\opentelemetry-sdk-metrics-1.51.0.jar;C:\Users\HP\.m2\repository\io\opentelemetry\opentelemetry-sdk-logs\1.51.0\opentelemetry-sdk-logs-1.51.0.jar;C:\Users\HP\.m2\repository\net\bytebuddy\byte-buddy\1.17.6\byte-buddy-1.17.6.jar;C:\Users\HP\.m2\repository\org\seleniumhq\selenium\selenium-os\4.34.0\selenium-os-4.34.0.jar;C:\Users\HP\.m2\repository\org\apache\commons\commons-exec\1.5.0\commons-exec-1.5.0.jar;C:\Users\HP\.m2\repository\org\seleniumhq\selenium\selenium-safari-driver\4.34.0\selenium-safari-driver-4.34.0.jar;C:\Users\HP\.m2\repository\org\seleniumhq\selenium\selenium-support\4.34.0\selenium-support-4.34.0.jar;C:\Users\HP\.m2\repository\org\slf4j\slf4j-api\2.0.16\slf4j-api-2.0.16.jar;C:\Users\HP\.m2\repository\org\testng\testng\7.11.0\testng-7.11.0.jar;C:\Users\HP\.m2\repository\org\jcommander\jcommander\1.83\jcommander-1.83.jar;C:\Users\HP\.m2\repository\org\webjars\jquery\3.7.1\jquery-3.7.1.jar;C:\Users\HP\.m2\repository\io\cucumber\cucumber-java\7.15.0\cucumber-java-7.15.0.jar;C:\Users\HP\.m2\repository\io\cucumber\cucumber-core\7.15.0\cucumber-core-7.15.0.jar;C:\Users\HP\.m2\repository\io\cucumber\cucumber-gherkin\7.15.0\cucumber-gherkin-7.15.0.jar;C:\Users\HP\.m2\repository\io\cucumber\cucumber-gherkin-messages\7.15.0\cucumber-gherkin-messages-7.15.0.jar;C:\Users\HP\.m2\repository\io\cucumber\gherkin\26.2.0\gherkin-26.2.0.jar;C:\Users\HP\.m2\repository\io\cucumber\messages\22.0.0\messages-22.0.0.jar;C:\Users\HP\.m2\repository\io\cucumber\tag-expressions\6.0.0\tag-expressions-6.0.0.jar;C:\Users\HP\.m2\repository\io\cucumber\cucumber-expressions\17.0.1\cucumber-expressions-17.0.1.jar;C:\Users\HP\.m2\repository\io\cucumber\datatable\7.15.0\datatable-7.15.0.jar;C:\Users\HP\.m2\repository\io\cucumber\cucumber-plugin\7.15.0\cucumber-plugin-7.15.0.jar;C:\Users\HP\.m2\repository\io\cucumber\docstring\7.15.0\docstring-7.15.0.jar;C:\Users\HP\.m2\repository\io\cucumber\html-formatter\20.4.0\html-formatter-20.4.0.jar;C:\Users\HP\.m2\repository\io\cucumber\junit-xml-formatter\0.2.0\junit-xml-formatter-0.2.0.jar;C:\Users\HP\.m2\repository\io\cucumber\ci-environment\10.0.0\ci-environment-10.0.0.jar;C:\Users\HP\.m2\repository\org\apiguardian\apiguardian-api\1.1.2\apiguardian-api-1.1.2.jar;C:\Users\HP\.m2\repository\io\cucumber\cucumber-testng\7.15.0\cucumber-testng-7.15.0.jar;C:\Users\HP\.m2\repository\com\aventstack\extentreports\5.1.1\extentreports-5.1.1.jar;C:\Users\HP\.m2\repository\io\reactivex\rxjava3\rxjava\3.1.6\rxjava-3.1.6.jar;C:\Users\HP\.m2\repository\org\reactivestreams\reactive-streams\1.0.4\reactive-streams-1.0.4.jar;C:\Users\HP\.m2\repository\org\freemarker\freemarker\2.3.32\freemarker-2.3.32.jar;C:\Users\HP\.m2\repository\org\projectlombok\lombok\1.18.26\lombok-1.18.26.jar;C:\Users\HP\.m2\repository\com\google\code\gson\gson\2.10.1\gson-2.10.1.jar;C:\Users\HP\.m2\repository\tech\grasshopper\extentreports-cucumber7-adapter\1.14.0\extentreports-cucumber7-adapter-1.14.0.jar;C:\Users\HP\.m2\repository\tech\grasshopper\extent-pdf-report\2.12.0\extent-pdf-report-2.12.0.jar;C:\Users\HP\.m2\repository\tech\grasshopper\cucumber-pdf-report\2.14.0\cucumber-pdf-report-2.14.0.jar;C:\Users\HP\.m2\repository\org\knowm\xchart\xchart\3.8.0\xchart-3.8.0.jar;C:\Users\HP\.m2\repository\de\erichseifert\vectorgraphics2d\VectorGraphics2D\0.13\VectorGraphics2D-0.13.jar;C:\Users\HP\.m2\repository\com\madgag\animated-gif-lib\1.4\animated-gif-lib-1.4.jar;C:\Users\HP\.m2\repository\org\yaml\snakeyaml\2.0\snakeyaml-2.0.jar;C:\Users\HP\.m2\repository\tech\grasshopper\table-layout\1.5.1\table-layout-1.5.1.jar;C:\Users\HP\.m2\repository\tech\grasshopper\rest-assured-cucumber-pdf-report\1.5.0\rest-assured-cucumber-pdf-report-1.5.0.jar;C:\Users\HP\.m2\repository\org\jsoup\jsoup\1.15.3\jsoup-1.15.3.jar;C:\Users\HP\.m2\repository\com\aventstack\klov-reporter\5.1.0\klov-reporter-5.1.0.jar;C:\Users\HP\.m2\repository\org\mongodb\mongodb-driver\3.6.4\mongodb-driver-3.6.4.jar;C:\Users\HP\.m2\repository\org\mongodb\mongodb-driver-core\3.6.4\mongodb-driver-core-3.6.4.jar;C:\Users\HP\.m2\repository\org\mongodb\bson\3.6.4\bson-3.6.4.jar;C:\Users\HP\.m2\repository\org\apache\httpcomponents\httpclient\4.5.13\httpclient-4.5.13.jar;C:\Users\HP\.m2\repository\org\apache\httpcomponents\httpcore\4.4.13\httpcore-4.4.13.jar;C:\Users\HP\.m2\repository\commons-logging\commons-logging\1.2\commons-logging-1.2.jar;C:\Users\HP\.m2\repository\org\apache\httpcomponents\httpmime\4.5.13\httpmime-4.5.13.jar;C:\Users\HP\.m2\repository\tech\grasshopper\htmlextentreporter\1.1.0\htmlextentreporter-1.1.0.jar;C:\Users\HP\.m2\repository\tech\grasshopper\extent-excel-report\1.4.0\extent-excel-report-1.4.0.jar;C:\Users\HP\.m2\repository\org\apache\poi\poi\5.0.0\poi-5.0.0.jar;C:\Users\HP\.m2\repository\org\slf4j\jcl-over-slf4j\1.7.30\jcl-over-slf4j-1.7.30.jar;C:\Users\HP\.m2\repository\commons-codec\commons-codec\1.15\commons-codec-1.15.jar;C:\Users\HP\.m2\repository\org\apache\commons\commons-collections4\4.4\commons-collections4-4.4.jar;C:\Users\HP\.m2\repository\org\apache\commons\commons-math3\3.6.1\commons-math3-3.6.1.jar;C:\Users\HP\.m2\repository\com\zaxxer\SparseBitSet\1.2\SparseBitSet-1.2.jar;C:\Users\HP\.m2\repository\org\apache\poi\poi-ooxml\5.0.0\poi-ooxml-5.0.0.jar;C:\Users\HP\.m2\repository\org\apache\poi\poi-ooxml-lite\5.0.0\poi-ooxml-lite-5.0.0.jar;C:\Users\HP\.m2\repository\org\apache\xmlbeans\xmlbeans\4.0.0\xmlbeans-4.0.0.jar;C:\Users\HP\.m2\repository\org\apache\commons\commons-compress\1.20\commons-compress-1.20.jar;C:\Users\HP\.m2\repository\com\github\virtuald\curvesapi\1.06\curvesapi-1.06.jar;C:\Users\HP\.m2\repository\org\bouncycastle\bcpkix-jdk15on\1.68\bcpkix-jdk15on-1.68.jar;C:\Users\HP\.m2\repository\org\bouncycastle\bcprov-jdk15on\1.68\bcprov-jdk15on-1.68.jar;C:\Users\HP\.m2\repository\org\apache\santuario\xmlsec\2.2.1\xmlsec-2.2.1.jar;C:\Users\HP\.m2\repository\com\fasterxml\woodstox\woodstox-core\5.2.1\woodstox-core-5.2.1.jar;C:\Users\HP\.m2\repository\org\codehaus\woodstox\stax2-api\4.2\stax2-api-4.2.jar;C:\Users\HP\.m2\repository\jakarta\xml\bind\jakarta.xml.bind-api\2.3.2\jakarta.xml.bind-api-2.3.2.jar;C:\Users\HP\.m2\repository\jakarta\activation\jakarta.activation-api\1.2.1\jakarta.activation-api-1.2.1.jar;C:\Users\HP\.m2\repository\org\apache\xmlgraphics\batik-all\1.13\batik-all-1.13.jar;C:\Users\HP\.m2\repository\org\apache\xmlgraphics\batik-anim\1.13\batik-anim-1.13.jar;C:\Users\HP\.m2\repository\org\apache\xmlgraphics\batik-shared-resources\1.13\batik-shared-resources-1.13.jar;C:\Users\HP\.m2\repository\xml-apis\xml-apis-ext\1.3.04\xml-apis-ext-1.3.04.jar;C:\Users\HP\.m2\repository\org\apache\xmlgraphics\batik-awt-util\1.13\batik-awt-util-1.13.jar;C:\Users\HP\.m2\repository\org\apache\xmlgraphics\xmlgraphics-commons\2.4\xmlgraphics-commons-2.4.jar;C:\Users\HP\.m2\repository\commons-io\commons-io\1.3.1\commons-io-1.3.1.jar;C:\Users\HP\.m2\repository\org\apache\xmlgraphics\batik-bridge\1.13\batik-bridge-1.13.jar;C:\Users\HP\.m2\repository\org\apache\xmlgraphics\batik-codec\1.13\batik-codec-1.13.jar;C:\Users\HP\.m2\repository\org\apache\xmlgraphics\batik-constants\1.13\batik-constants-1.13.jar;C:\Users\HP\.m2\repository\org\apache\xmlgraphics\batik-css\1.13\batik-css-1.13.jar;C:\Users\HP\.m2\repository\org\apache\xmlgraphics\batik-dom\1.13\batik-dom-1.13.jar;C:\Users\HP\.m2\repository\xalan\xalan\2.7.2\xalan-2.7.2.jar;C:\Users\HP\.m2\repository\xalan\serializer\2.7.2\serializer-2.7.2.jar;C:\Users\HP\.m2\repository\xml-apis\xml-apis\1.4.01\xml-apis-1.4.01.jar;C:\Users\HP\.m2\repository\org\apache\xmlgraphics\batik-ext\1.13\batik-ext-1.13.jar;C:\Users\HP\.m2\repository\org\apache\xmlgraphics\batik-extension\1.13\batik-extension-1.13.jar;C:\Users\HP\.m2\repository\org\apache\xmlgraphics\batik-gui-util\1.13\batik-gui-util-1.13.jar;C:\Users\HP\.m2\repository\org\apache\xmlgraphics\batik-gvt\1.13\batik-gvt-1.13.jar;C:\Users\HP\.m2\repository\org\apache\xmlgraphics\batik-i18n\1.13\batik-i18n-1.13.jar;C:\Users\HP\.m2\repository\org\apache\xmlgraphics\batik-parser\1.13\batik-parser-1.13.jar;C:\Users\HP\.m2\repository\org\apache\xmlgraphics\batik-rasterizer-ext\1.13\batik-rasterizer-ext-1.13.jar;C:\Users\HP\.m2\repository\org\apache\xmlgraphics\batik-rasterizer\1.13\batik-rasterizer-1.13.jar;C:\Users\HP\.m2\repository\org\apache\xmlgraphics\batik-script\1.13\batik-script-1.13.jar;C:\Users\HP\.m2\repository\org\apache\xmlgraphics\batik-slideshow\1.13\batik-slideshow-1.13.jar;C:\Users\HP\.m2\repository\org\apache\xmlgraphics\batik-squiggle-ext\1.13\batik-squiggle-ext-1.13.jar;C:\Users\HP\.m2\repository\org\apache\xmlgraphics\batik-squiggle\1.13\batik-squiggle-1.13.jar;C:\Users\HP\.m2\repository\org\apache\xmlgraphics\batik-svg-dom\1.13\batik-svg-dom-1.13.jar;C:\Users\HP\.m2\repository\org\apache\xmlgraphics\batik-svgbrowser\1.13\batik-svgbrowser-1.13.jar;C:\Users\HP\.m2\repository\org\apache\xmlgraphics\batik-svggen\1.13\batik-svggen-1.13.jar;C:\Users\HP\.m2\repository\org\apache\xmlgraphics\batik-svgpp\1.13\batik-svgpp-1.13.jar;C:\Users\HP\.m2\repository\org\apache\xmlgraphics\batik-svgrasterizer\1.13\batik-svgrasterizer-1.13.jar;C:\Users\HP\.m2\repository\org\apache\xmlgraphics\batik-swing\1.13\batik-swing-1.13.jar;C:\Users\HP\.m2\repository\org\apache\xmlgraphics\batik-transcoder\1.13\batik-transcoder-1.13.jar;C:\Users\HP\.m2\repository\org\apache\xmlgraphics\batik-util\1.13\batik-util-1.13.jar;C:\Users\HP\.m2\repository\org\apache\xmlgraphics\batik-ttf2svg\1.13\batik-ttf2svg-1.13.jar;C:\Users\HP\.m2\repository\org\apache\xmlgraphics\batik-xml\1.13\batik-xml-1.13.jar;C:\Users\HP\.m2\repository\de\rototor\pdfbox\graphics2d\0.30\graphics2d-0.30.jar;C:\Users\HP\.m2\repository\org\apache\pdfbox\pdfbox\2.0.22\pdfbox-2.0.22.jar;C:\Users\HP\.m2\repository\org\apache\pdfbox\fontbox\2.0.22\fontbox-2.0.22.jar;"/>
    <property name="java.vm.vendor" value="Oracle Corporation"/>
    <property name="sun.arch.data.model" value="64"/>
    <property name="user.variant" value=""/>
    <property name="java.vendor.url" value="https://java.oracle.com/"/>
    <property name="user.timezone" value="Asia/Jakarta"/>
    <property name="os.name" value="Windows 10"/>
    <property name="java.vm.specification.version" value="21"/>
    <property name="sun.java.launcher" value="SUN_STANDARD"/>
    <property name="user.country" value="ID"/>
    <property name="sun.boot.library.path" value="C:\Program Files\Java\jdk-21\bin"/>
    <property name="sun.java.command" value="C:\Users\HP\AppData\Local\Temp\surefire8035431620906152053\surefirebooter-20250904133847418_3.jar C:\Users\HP\AppData\Local\Temp\surefire8035431620906152053 2025-09-04T13-38-46_986-jvmRun1 surefire-20250904133847418_1tmp surefire_0-20250904133847418_2tmp"/>
    <property name="jdk.debug" value="release"/>
    <property name="surefire.test.class.path" value="C:\Users\HP\Juara Coding\VSCODE\CuraHealth\target\test-classes;C:\Users\HP\Juara Coding\VSCODE\CuraHealth\target\classes;C:\Users\HP\.m2\repository\org\seleniumhq\selenium\selenium-java\4.34.0\selenium-java-4.34.0.jar;C:\Users\HP\.m2\repository\org\seleniumhq\selenium\selenium-api\4.34.0\selenium-api-4.34.0.jar;C:\Users\HP\.m2\repository\org\jspecify\jspecify\1.0.0\jspecify-1.0.0.jar;C:\Users\HP\.m2\repository\org\seleniumhq\selenium\selenium-chrome-driver\4.34.0\selenium-chrome-driver-4.34.0.jar;C:\Users\HP\.m2\repository\com\google\auto\service\auto-service-annotations\1.1.1\auto-service-annotations-1.1.1.jar;C:\Users\HP\.m2\repository\org\seleniumhq\selenium\selenium-chromium-driver\4.34.0\selenium-chromium-driver-4.34.0.jar;C:\Users\HP\.m2\repository\org\seleniumhq\selenium\selenium-json\4.34.0\selenium-json-4.34.0.jar;C:\Users\HP\.m2\repository\org\seleniumhq\selenium\selenium-manager\4.34.0\selenium-manager-4.34.0.jar;C:\Users\HP\.m2\repository\org\seleniumhq\selenium\selenium-devtools-v136\4.34.0\selenium-devtools-v136-4.34.0.jar;C:\Users\HP\.m2\repository\org\seleniumhq\selenium\selenium-devtools-v137\4.34.0\selenium-devtools-v137-4.34.0.jar;C:\Users\HP\.m2\repository\org\seleniumhq\selenium\selenium-devtools-v138\4.34.0\selenium-devtools-v138-4.34.0.jar;C:\Users\HP\.m2\repository\org\seleniumhq\selenium\selenium-edge-driver\4.34.0\selenium-edge-driver-4.34.0.jar;C:\Users\HP\.m2\repository\org\seleniumhq\selenium\selenium-firefox-driver\4.34.0\selenium-firefox-driver-4.34.0.jar;C:\Users\HP\.m2\repository\org\seleniumhq\selenium\selenium-http\4.34.0\selenium-http-4.34.0.jar;C:\Users\HP\.m2\repository\org\seleniumhq\selenium\selenium-ie-driver\4.34.0\selenium-ie-driver-4.34.0.jar;C:\Users\HP\.m2\repository\org\seleniumhq\selenium\selenium-remote-driver\4.34.0\selenium-remote-driver-4.34.0.jar;C:\Users\HP\.m2\repository\com\google\guava\guava\33.4.8-jre\guava-33.4.8-jre.jar;C:\Users\HP\.m2\repository\com\google\guava\failureaccess\1.0.3\failureaccess-1.0.3.jar;C:\Users\HP\.m2\repository\com\google\guava\listenablefuture\9999.0-empty-to-avoid-conflict-with-guava\listenablefuture-9999.0-empty-to-avoid-conflict-with-guava.jar;C:\Users\HP\.m2\repository\com\google\errorprone\error_prone_annotations\2.36.0\error_prone_annotations-2.36.0.jar;C:\Users\HP\.m2\repository\com\google\j2objc\j2objc-annotations\3.0.0\j2objc-annotations-3.0.0.jar;C:\Users\HP\.m2\repository\io\opentelemetry\opentelemetry-api\1.51.0\opentelemetry-api-1.51.0.jar;C:\Users\HP\.m2\repository\io\opentelemetry\opentelemetry-context\1.51.0\opentelemetry-context-1.51.0.jar;C:\Users\HP\.m2\repository\io\opentelemetry\opentelemetry-exporter-logging\1.51.0\opentelemetry-exporter-logging-1.51.0.jar;C:\Users\HP\.m2\repository\io\opentelemetry\opentelemetry-sdk-common\1.51.0\opentelemetry-sdk-common-1.51.0.jar;C:\Users\HP\.m2\repository\io\opentelemetry\opentelemetry-sdk-extension-autoconfigure-spi\1.51.0\opentelemetry-sdk-extension-autoconfigure-spi-1.51.0.jar;C:\Users\HP\.m2\repository\io\opentelemetry\opentelemetry-sdk-extension-autoconfigure\1.51.0\opentelemetry-sdk-extension-autoconfigure-1.51.0.jar;C:\Users\HP\.m2\repository\io\opentelemetry\opentelemetry-sdk-trace\1.51.0\opentelemetry-sdk-trace-1.51.0.jar;C:\Users\HP\.m2\repository\io\opentelemetry\opentelemetry-sdk\1.51.0\opentelemetry-sdk-1.51.0.jar;C:\Users\HP\.m2\repository\io\opentelemetry\opentelemetry-sdk-metrics\1.51.0\opentelemetry-sdk-metrics-1.51.0.jar;C:\Users\HP\.m2\repository\io\opentelemetry\opentelemetry-sdk-logs\1.51.0\opentelemetry-sdk-logs-1.51.0.jar;C:\Users\HP\.m2\repository\net\bytebuddy\byte-buddy\1.17.6\byte-buddy-1.17.6.jar;C:\Users\HP\.m2\repository\org\seleniumhq\selenium\selenium-os\4.34.0\selenium-os-4.34.0.jar;C:\Users\HP\.m2\repository\org\apache\commons\commons-exec\1.5.0\commons-exec-1.5.0.jar;C:\Users\HP\.m2\repository\org\seleniumhq\selenium\selenium-safari-driver\4.34.0\selenium-safari-driver-4.34.0.jar;C:\Users\HP\.m2\repository\org\seleniumhq\selenium\selenium-support\4.34.0\selenium-support-4.34.0.jar;C:\Users\HP\.m2\repository\org\slf4j\slf4j-api\2.0.16\slf4j-api-2.0.16.jar;C:\Users\HP\.m2\repository\org\testng\testng\7.11.0\testng-7.11.0.jar;C:\Users\HP\.m2\repository\org\jcommander\jcommander\1.83\jcommander-1.83.jar;C:\Users\HP\.m2\repository\org\webjars\jquery\3.7.1\jquery-3.7.1.jar;C:\Users\HP\.m2\repository\io\cucumber\cucumber-java\7.15.0\cucumber-java-7.15.0.jar;C:\Users\HP\.m2\repository\io\cucumber\cucumber-core\7.15.0\cucumber-core-7.15.0.jar;C:\Users\HP\.m2\repository\io\cucumber\cucumber-gherkin\7.15.0\cucumber-gherkin-7.15.0.jar;C:\Users\HP\.m2\repository\io\cucumber\cucumber-gherkin-messages\7.15.0\cucumber-gherkin-messages-7.15.0.jar;C:\Users\HP\.m2\repository\io\cucumber\gherkin\26.2.0\gherkin-26.2.0.jar;C:\Users\HP\.m2\repository\io\cucumber\messages\22.0.0\messages-22.0.0.jar;C:\Users\HP\.m2\repository\io\cucumber\tag-expressions\6.0.0\tag-expressions-6.0.0.jar;C:\Users\HP\.m2\repository\io\cucumber\cucumber-expressions\17.0.1\cucumber-expressions-17.0.1.jar;C:\Users\HP\.m2\repository\io\cucumber\datatable\7.15.0\datatable-7.15.0.jar;C:\Users\HP\.m2\repository\io\cucumber\cucumber-plugin\7.15.0\cucumber-plugin-7.15.0.jar;C:\Users\HP\.m2\repository\io\cucumber\docstring\7.15.0\docstring-7.15.0.jar;C:\Users\HP\.m2\repository\io\cucumber\html-formatter\20.4.0\html-formatter-20.4.0.jar;C:\Users\HP\.m2\repository\io\cucumber\junit-xml-formatter\0.2.0\junit-xml-formatter-0.2.0.jar;C:\Users\HP\.m2\repository\io\cucumber\ci-environment\10.0.0\ci-environment-10.0.0.jar;C:\Users\HP\.m2\repository\org\apiguardian\apiguardian-api\1.1.2\apiguardian-api-1.1.2.jar;C:\Users\HP\.m2\repository\io\cucumber\cucumber-testng\7.15.0\cucumber-testng-7.15.0.jar;C:\Users\HP\.m2\repository\com\aventstack\extentreports\5.1.1\extentreports-5.1.1.jar;C:\Users\HP\.m2\repository\io\reactivex\rxjava3\rxjava\3.1.6\rxjava-3.1.6.jar;C:\Users\HP\.m2\repository\org\reactivestreams\reactive-streams\1.0.4\reactive-streams-1.0.4.jar;C:\Users\HP\.m2\repository\org\freemarker\freemarker\2.3.32\freemarker-2.3.32.jar;C:\Users\HP\.m2\repository\org\projectlombok\lombok\1.18.26\lombok-1.18.26.jar;C:\Users\HP\.m2\repository\com\google\code\gson\gson\2.10.1\gson-2.10.1.jar;C:\Users\HP\.m2\repository\tech\grasshopper\extentreports-cucumber7-adapter\1.14.0\extentreports-cucumber7-adapter-1.14.0.jar;C:\Users\HP\.m2\repository\tech\grasshopper\extent-pdf-report\2.12.0\extent-pdf-report-2.12.0.jar;C:\Users\HP\.m2\repository\tech\grasshopper\cucumber-pdf-report\2.14.0\cucumber-pdf-report-2.14.0.jar;C:\Users\HP\.m2\repository\org\knowm\xchart\xchart\3.8.0\xchart-3.8.0.jar;C:\Users\HP\.m2\repository\de\erichseifert\vectorgraphics2d\VectorGraphics2D\0.13\VectorGraphics2D-0.13.jar;C:\Users\HP\.m2\repository\com\madgag\animated-gif-lib\1.4\animated-gif-lib-1.4.jar;C:\Users\HP\.m2\repository\org\yaml\snakeyaml\2.0\snakeyaml-2.0.jar;C:\Users\HP\.m2\repository\tech\grasshopper\table-layout\1.5.1\table-layout-1.5.1.jar;C:\Users\HP\.m2\repository\tech\grasshopper\rest-assured-cucumber-pdf-report\1.5.0\rest-assured-cucumber-pdf-report-1.5.0.jar;C:\Users\HP\.m2\repository\org\jsoup\jsoup\1.15.3\jsoup-1.15.3.jar;C:\Users\HP\.m2\repository\com\aventstack\klov-reporter\5.1.0\klov-reporter-5.1.0.jar;C:\Users\HP\.m2\repository\org\mongodb\mongodb-driver\3.6.4\mongodb-driver-3.6.4.jar;C:\Users\HP\.m2\repository\org\mongodb\mongodb-driver-core\3.6.4\mongodb-driver-core-3.6.4.jar;C:\Users\HP\.m2\repository\org\mongodb\bson\3.6.4\bson-3.6.4.jar;C:\Users\HP\.m2\repository\org\apache\httpcomponents\httpclient\4.5.13\httpclient-4.5.13.jar;C:\Users\HP\.m2\repository\org\apache\httpcomponents\httpcore\4.4.13\httpcore-4.4.13.jar;C:\Users\HP\.m2\repository\commons-logging\commons-logging\1.2\commons-logging-1.2.jar;C:\Users\HP\.m2\repository\org\apache\httpcomponents\httpmime\4.5.13\httpmime-4.5.13.jar;C:\Users\HP\.m2\repository\tech\grasshopper\htmlextentreporter\1.1.0\htmlextentreporter-1.1.0.jar;C:\Users\HP\.m2\repository\tech\grasshopper\extent-excel-report\1.4.0\extent-excel-report-1.4.0.jar;C:\Users\HP\.m2\repository\org\apache\poi\poi\5.0.0\poi-5.0.0.jar;C:\Users\HP\.m2\repository\org\slf4j\jcl-over-slf4j\1.7.30\jcl-over-slf4j-1.7.30.jar;C:\Users\HP\.m2\repository\commons-codec\commons-codec\1.15\commons-codec-1.15.jar;C:\Users\HP\.m2\repository\org\apache\commons\commons-collections4\4.4\commons-collections4-4.4.jar;C:\Users\HP\.m2\repository\org\apache\commons\commons-math3\3.6.1\commons-math3-3.6.1.jar;C:\Users\HP\.m2\repository\com\zaxxer\SparseBitSet\1.2\SparseBitSet-1.2.jar;C:\Users\HP\.m2\repository\org\apache\poi\poi-ooxml\5.0.0\poi-ooxml-5.0.0.jar;C:\Users\HP\.m2\repository\org\apache\poi\poi-ooxml-lite\5.0.0\poi-ooxml-lite-5.0.0.jar;C:\Users\HP\.m2\repository\org\apache\xmlbeans\xmlbeans\4.0.0\xmlbeans-4.0.0.jar;C:\Users\HP\.m2\repository\org\apache\commons\commons-compress\1.20\commons-compress-1.20.jar;C:\Users\HP\.m2\repository\com\github\virtuald\curvesapi\1.06\curvesapi-1.06.jar;C:\Users\HP\.m2\repository\org\bouncycastle\bcpkix-jdk15on\1.68\bcpkix-jdk15on-1.68.jar;C:\Users\HP\.m2\repository\org\bouncycastle\bcprov-jdk15on\1.68\bcprov-jdk15on-1.68.jar;C:\Users\HP\.m2\repository\org\apache\santuario\xmlsec\2.2.1\xmlsec-2.2.1.jar;C:\Users\HP\.m2\repository\com\fasterxml\woodstox\woodstox-core\5.2.1\woodstox-core-5.2.1.jar;C:\Users\HP\.m2\repository\org\codehaus\woodstox\stax2-api\4.2\stax2-api-4.2.jar;C:\Users\HP\.m2\repository\jakarta\xml\bind\jakarta.xml.bind-api\2.3.2\jakarta.xml.bind-api-2.3.2.jar;C:\Users\HP\.m2\repository\jakarta\activation\jakarta.activation-api\1.2.1\jakarta.activation-api-1.2.1.jar;C:\Users\HP\.m2\repository\org\apache\xmlgraphics\batik-all\1.13\batik-all-1.13.jar;C:\Users\HP\.m2\repository\org\apache\xmlgraphics\batik-anim\1.13\batik-anim-1.13.jar;C:\Users\HP\.m2\repository\org\apache\xmlgraphics\batik-shared-resources\1.13\batik-shared-resources-1.13.jar;C:\Users\HP\.m2\repository\xml-apis\xml-apis-ext\1.3.04\xml-apis-ext-1.3.04.jar;C:\Users\HP\.m2\repository\org\apache\xmlgraphics\batik-awt-util\1.13\batik-awt-util-1.13.jar;C:\Users\HP\.m2\repository\org\apache\xmlgraphics\xmlgraphics-commons\2.4\xmlgraphics-commons-2.4.jar;C:\Users\HP\.m2\repository\commons-io\commons-io\1.3.1\commons-io-1.3.1.jar;C:\Users\HP\.m2\repository\org\apache\xmlgraphics\batik-bridge\1.13\batik-bridge-1.13.jar;C:\Users\HP\.m2\repository\org\apache\xmlgraphics\batik-codec\1.13\batik-codec-1.13.jar;C:\Users\HP\.m2\repository\org\apache\xmlgraphics\batik-constants\1.13\batik-constants-1.13.jar;C:\Users\HP\.m2\repository\org\apache\xmlgraphics\batik-css\1.13\batik-css-1.13.jar;C:\Users\HP\.m2\repository\org\apache\xmlgraphics\batik-dom\1.13\batik-dom-1.13.jar;C:\Users\HP\.m2\repository\xalan\xalan\2.7.2\xalan-2.7.2.jar;C:\Users\HP\.m2\repository\xalan\serializer\2.7.2\serializer-2.7.2.jar;C:\Users\HP\.m2\repository\xml-apis\xml-apis\1.4.01\xml-apis-1.4.01.jar;C:\Users\HP\.m2\repository\org\apache\xmlgraphics\batik-ext\1.13\batik-ext-1.13.jar;C:\Users\HP\.m2\repository\org\apache\xmlgraphics\batik-extension\1.13\batik-extension-1.13.jar;C:\Users\HP\.m2\repository\org\apache\xmlgraphics\batik-gui-util\1.13\batik-gui-util-1.13.jar;C:\Users\HP\.m2\repository\org\apache\xmlgraphics\batik-gvt\1.13\batik-gvt-1.13.jar;C:\Users\HP\.m2\repository\org\apache\xmlgraphics\batik-i18n\1.13\batik-i18n-1.13.jar;C:\Users\HP\.m2\repository\org\apache\xmlgraphics\batik-parser\1.13\batik-parser-1.13.jar;C:\Users\HP\.m2\repository\org\apache\xmlgraphics\batik-rasterizer-ext\1.13\batik-rasterizer-ext-1.13.jar;C:\Users\HP\.m2\repository\org\apache\xmlgraphics\batik-rasterizer\1.13\batik-rasterizer-1.13.jar;C:\Users\HP\.m2\repository\org\apache\xmlgraphics\batik-script\1.13\batik-script-1.13.jar;C:\Users\HP\.m2\repository\org\apache\xmlgraphics\batik-slideshow\1.13\batik-slideshow-1.13.jar;C:\Users\HP\.m2\repository\org\apache\xmlgraphics\batik-squiggle-ext\1.13\batik-squiggle-ext-1.13.jar;C:\Users\HP\.m2\repository\org\apache\xmlgraphics\batik-squiggle\1.13\batik-squiggle-1.13.jar;C:\Users\HP\.m2\repository\org\apache\xmlgraphics\batik-svg-dom\1.13\batik-svg-dom-1.13.jar;C:\Users\HP\.m2\repository\org\apache\xmlgraphics\batik-svgbrowser\1.13\batik-svgbrowser-1.13.jar;C:\Users\HP\.m2\repository\org\apache\xmlgraphics\batik-svggen\1.13\batik-svggen-1.13.jar;C:\Users\HP\.m2\repository\org\apache\xmlgraphics\batik-svgpp\1.13\batik-svgpp-1.13.jar;C:\Users\HP\.m2\repository\org\apache\xmlgraphics\batik-svgrasterizer\1.13\batik-svgrasterizer-1.13.jar;C:\Users\HP\.m2\repository\org\apache\xmlgraphics\batik-swing\1.13\batik-swing-1.13.jar;C:\Users\HP\.m2\repository\org\apache\xmlgraphics\batik-transcoder\1.13\batik-transcoder-1.13.jar;C:\Users\HP\.m2\repository\org\apache\xmlgraphics\batik-util\1.13\batik-util-1.13.jar;C:\Users\HP\.m2\repository\org\apache\xmlgraphics\batik-ttf2svg\1.13\batik-ttf2svg-1.13.jar;C:\Users\HP\.m2\repository\org\apache\xmlgraphics\batik-xml\1.13\batik-xml-1.13.jar;C:\Users\HP\.m2\repository\de\rototor\pdfbox\graphics2d\0.30\graphics2d-0.30.jar;C:\Users\HP\.m2\repository\org\apache\pdfbox\pdfbox\2.0.22\pdfbox-2.0.22.jar;C:\Users\HP\.m2\repository\org\apache\pdfbox\fontbox\2.0.22\fontbox-2.0.22.jar;"/>
    <property name="sun.cpu.endian" value="little"/>
    <property name="user.home" value="C:\Users\HP"/>
    <property name="user.language" value="en"/>
    <property name="java.specification.vendor" value="Oracle Corporation"/>
    <property name="java.version.date" value="2023-09-19"/>
    <property name="java.home" value="C:\Program Files\Java\jdk-21"/>
    <property name="file.separator" value="\"/>
    <property name="basedir" value="C:\Users\HP\Juara Coding\VSCODE\CuraHealth"/>
    <property name="java.vm.compressedOopsMode" value="Zero based"/>
    <property name="line.separator" value="&#10;"/>
    <property name="java.vm.specification.vendor" value="Oracle Corporation"/>
    <property name="java.specification.name" value="Java Platform API Specification"/>
    <property name="surefire.real.class.path" value="C:\Users\HP\AppData\Local\Temp\surefire8035431620906152053\surefirebooter-20250904133847418_3.jar"/>
    <property name="user.script" value=""/>
    <property name="sun.management.compiler" value="HotSpot 64-Bit Tiered Compilers"/>
    <property name="java.runtime.version" value="21+35-LTS-2513"/>
    <property name="user.name" value="wyldc"/>
    <property name="stdout.encoding" value="Cp1252"/>
    <property name="path.separator" value=";"/>
    <property name="os.version" value="10.0"/>
    <property name="java.runtime.name" value="Java(TM) SE Runtime Environment"/>
    <property name="file.encoding" value="UTF-8"/>
    <property name="java.vm.name" value="Java HotSpot(TM) 64-Bit Server VM"/>
    <property name="localRepository" value="C:\Users\HP\.m2\repository"/>
    <property name="java.vendor.url.bug" value="https://bugreport.java.com/bugreport/"/>
    <property name="java.io.tmpdir" value="C:\Users\HP\AppData\Local\Temp\"/>
    <property name="java.version" value="21"/>
    <property name="user.dir" value="C:\Users\HP\Juara Coding\VSCODE\CuraHealth"/>
    <property name="os.arch" value="amd64"/>
    <property name="java.vm.specification.name" value="Java Virtual Machine Specification"/>
    <property name="sun.os.patch.level" value=""/>
    <property name="native.encoding" value="Cp1252"/>
    <property name="java.library.path" value="C:\Program Files\Java\jdk-21\bin;C:\WINDOWS\Sun\Java\bin;C:\WINDOWS\system32;C:\WINDOWS;C:\Program Files\apache-maven-3.9.10/bin;C:\Program Files\OPPO\USB Driver;C:\Program Files\Common Files\Oracle\Java\javapath;C:\WINDOWS\system32;C:\WINDOWS;C:\WINDOWS\System32\Wbem;C:\WINDOWS\System32\WindowsPowerShell\v1.0\;C:\WINDOWS\System32\OpenSSH\;C:\Program Files\nodejs\;C:\ProgramData\chocolatey\bin;C:\Program Files (x86)\Microsoft SQL Server\160\Tools\Binn\;C:\Program Files\Microsoft SQL Server\160\Tools\Binn\;C:\Program Files\Microsoft SQL Server\Client SDK\ODBC\170\Tools\Binn\;C:\Program Files\Microsoft SQL Server\160\DTS\Binn\;C:\Program Files\Java\jdk-17\bin;C:\Program Files\apache-maven-3.9.10\bin;C:\Program Files\Git\cmd;C:\Program Files\JetBrains\IntelliJ IDEA Community Edition 2025.1.2\bin;C:\scrcpy;C:\Users\HP\AppData\Local\Android\Sdk\platform-tools;C:\Users\HP\AppData\Local\Android\Sdk\tools;C:\Users\HP\AppData\Local\Android\Sdk\tools\bin;C:\Program Files\apache-maven-3.9.10\bin;C:\Program Files\Docker\Docker\resources\bin;C:\Program Files\apache-jmeter-5.6.3\bin;C:\Program Files\PostgreSQL\17\bin;C:\Users\HP\AppData\Local\Programs\Python\Python312\Scripts\;C:\Users\HP\AppData\Local\Programs\Python\Python312\;C:\Users\HP\AppData\Local\Programs\Python\Python311\Scripts\;C:\Users\HP\AppData\Local\Programs\Python\Python311\;C:\Users\HP\AppData\Local\Microsoft\WindowsApps;C:\Program Files\JetBrains\PyCharm Community Edition 2022.2.3\bin;C:\Users\HP\AppData\Local\Programs\Microsoft VS Code\bin;C:\Program Files\JetBrains\IntelliJ IDEA Community Edition 2024.2\bin;C:\Users\HP\.lmstudio\bin;C:\Users\HP\AppData\Roaming\npm;;."/>
    <property name="java.vm.info" value="mixed mode, sharing"/>
    <property name="stderr.encoding" value="Cp1252"/>
    <property name="java.vendor" value="Oracle Corporation"/>
    <property name="java.vm.version" value="21+35-LTS-2513"/>
    <property name="sun.io.unicode.encoding" value="UnicodeLittle"/>
    <property name="java.class.version" value="65.0"/>
  </properties>
  <testcase name="runScenario[&quot;Negative Sign In Aplikasi Cura Healthcare&quot;, &quot;Cura Healthcare&quot;](1)" classname="com.juaracoding.healthcare.definitions.runners.RunnersApp" time="26.075">
    <system-out><![CDATA[
Scenario Outline: Negative Sign In Aplikasi Cura Healthcare                                                      &amp#27;[90m# src/test/resources/features/AuthCuraHealth.feature:16&amp#27;[0m
  &amp#27;[32mGiven &amp#27;[0m&amp#27;[32muser masuk ke halaman login.&amp#27;[0m                                                                             &amp#27;[90m# com.juaracoding.healthcare.definitions.authentications.NegativeAuthTest.step01()&amp#27;[0m

    Embedding Screenshot - Input Username : John Doe [image/png 38063 bytes]

  &amp#27;[32mWhen &amp#27;[0m&amp#27;[32mpengguna memasukkan username &amp#27;[0m&amp#27;[32m&amp#27;[1m"John Doe"&amp#27;[0m&amp#27;[32m.&amp#27;[0m                                                                  &amp#27;[90m# com.juaracoding.healthcare.definitions.authentications.NegativeAuthTest.step02(java.lang.String)&amp#27;[0m

    Embedding Screenshot - Input Password : ThisIsYesAPassword [image/png 39787 bytes]

  &amp#27;[32mAnd &amp#27;[0m&amp#27;[32mpengguna memasukkan password &amp#27;[0m&amp#27;[32m&amp#27;[1m"ThisIsYesAPassword"&amp#27;[0m&amp#27;[32m.&amp#27;[0m                                                         &amp#27;[90m# com.juaracoding.healthcare.definitions.authentications.NegativeAuthTest.step03(java.lang.String)&amp#27;[0m
  &amp#27;[32mAnd &amp#27;[0m&amp#27;[32mpengguna menekan tombol masuk.&amp#27;[0m                                                                             &amp#27;[90m# com.juaracoding.healthcare.definitions.authentications.NegativeAuthTest.step04()&amp#27;[0m

    Embedding Screenshot - Pesan Error : Login failed! Please ensure the username and password are valid. [image/png 38620 bytes]

  &amp#27;[32mThen &amp#27;[0m&amp#27;[32mpengguna akan melihat pesan kesalahan &amp#27;[0m&amp#27;[32m&amp#27;[1m"Login failed! Please ensure the username and password are valid."&amp#27;[0m&amp#27;[32m.&amp#27;[0m &amp#27;[90m# com.juaracoding.healthcare.definitions.authentications.NegativeAuthTest.step05(java.lang.String)&amp#27;[0m

    Embedding Negative Sign In Aplikasi Cura Healthcare [image/png 38856 bytes]

]]></system-out>
    <system-err><![CDATA[SLF4J(W): No SLF4J providers were found.
SLF4J(W): Defaulting to no-operation (NOP) logger implementation
SLF4J(W): See https://www.slf4j.org/codes.html#noProviders for further details.
]]></system-err>
  </testcase>
  <testcase name="runScenario[&quot;Negative Sign In Aplikasi Cura Healthcare&quot;, &quot;Cura Healthcare&quot;](2)" classname="com.juaracoding.healthcare.definitions.runners.RunnersApp" time="21.443">
    <system-out><![CDATA[
Scenario Outline: Negative Sign In Aplikasi Cura Healthcare                                                      &amp#27;[90m# src/test/resources/features/AuthCuraHealth.feature:17&amp#27;[0m
  &amp#27;[32mGiven &amp#27;[0m&amp#27;[32muser masuk ke halaman login.&amp#27;[0m                                                                             &amp#27;[90m# com.juaracoding.healthcare.definitions.authentications.NegativeAuthTest.step01()&amp#27;[0m

    Embedding Screenshot - Input Username : John Lade [image/png 38136 bytes]

  &amp#27;[32mWhen &amp#27;[0m&amp#27;[32mpengguna memasukkan username &amp#27;[0m&amp#27;[32m&amp#27;[1m"John Lade"&amp#27;[0m&amp#27;[32m.&amp#27;[0m                                                                 &amp#27;[90m# com.juaracoding.healthcare.definitions.authentications.NegativeAuthTest.step02(java.lang.String)&amp#27;[0m

    Embedding Screenshot - Input Password : 123ijii [image/png 39409 bytes]

  &amp#27;[32mAnd &amp#27;[0m&amp#27;[32mpengguna memasukkan password &amp#27;[0m&amp#27;[32m&amp#27;[1m"123ijii"&amp#27;[0m&amp#27;[32m.&amp#27;[0m                                                                    &amp#27;[90m# com.juaracoding.healthcare.definitions.authentications.NegativeAuthTest.step03(java.lang.String)&amp#27;[0m
  &amp#27;[32mAnd &amp#27;[0m&amp#27;[32mpengguna menekan tombol masuk.&amp#27;[0m                                                                             &amp#27;[90m# com.juaracoding.healthcare.definitions.authentications.NegativeAuthTest.step04()&amp#27;[0m

    Embedding Screenshot - Pesan Error : Login failed! Please ensure the username and password are valid. [image/png 38636 bytes]

  &amp#27;[32mThen &amp#27;[0m&amp#27;[32mpengguna akan melihat pesan kesalahan &amp#27;[0m&amp#27;[32m&amp#27;[1m"Login failed! Please ensure the username and password are valid."&amp#27;[0m&amp#27;[32m.&amp#27;[0m &amp#27;[90m# com.juaracoding.healthcare.definitions.authentications.NegativeAuthTest.step05(java.lang.String)&amp#27;[0m

    Embedding Negative Sign In Aplikasi Cura Healthcare [image/png 39000 bytes]

]]></system-out>
  </testcase>
  <testcase name="runScenario[&quot;Negative Sign In Aplikasi Cura Healthcare&quot;, &quot;Cura Healthcare&quot;](3)" classname="com.juaracoding.healthcare.definitions.runners.RunnersApp" time="20.844">
    <system-out><![CDATA[
Scenario Outline: Negative Sign In Aplikasi Cura Healthcare                                                      &amp#27;[90m# src/test/resources/features/AuthCuraHealth.feature:18&amp#27;[0m
  &amp#27;[32mGiven &amp#27;[0m&amp#27;[32muser masuk ke halaman login.&amp#27;[0m                                                                             &amp#27;[90m# com.juaracoding.healthcare.definitions.authentications.NegativeAuthTest.step01()&amp#27;[0m

    Embedding Screenshot - Input Username :  [image/png 37911 bytes]

  &amp#27;[32mWhen &amp#27;[0m&amp#27;[32mpengguna memasukkan username &amp#27;[0m&amp#27;[32m&amp#27;[1m""&amp#27;[0m&amp#27;[32m.&amp#27;[0m                                                                          &amp#27;[90m# com.juaracoding.healthcare.definitions.authentications.NegativeAuthTest.step02(java.lang.String)&amp#27;[0m

    Embedding Screenshot - Input Password : ThisIsNotAPassword [image/png 39002 bytes]

  &amp#27;[32mAnd &amp#27;[0m&amp#27;[32mpengguna memasukkan password &amp#27;[0m&amp#27;[32m&amp#27;[1m"ThisIsNotAPassword"&amp#27;[0m&amp#27;[32m.&amp#27;[0m                                                         &amp#27;[90m# com.juaracoding.healthcare.definitions.authentications.NegativeAuthTest.step03(java.lang.String)&amp#27;[0m
  &amp#27;[32mAnd &amp#27;[0m&amp#27;[32mpengguna menekan tombol masuk.&amp#27;[0m                                                                             &amp#27;[90m# com.juaracoding.healthcare.definitions.authentications.NegativeAuthTest.step04()&amp#27;[0m

    Embedding Screenshot - Pesan Error : Login failed! Please ensure the username and password are valid. [image/png 38639 bytes]

  &amp#27;[32mThen &amp#27;[0m&amp#27;[32mpengguna akan melihat pesan kesalahan &amp#27;[0m&amp#27;[32m&amp#27;[1m"Login failed! Please ensure the username and password are valid."&amp#27;[0m&amp#27;[32m.&amp#27;[0m &amp#27;[90m# com.juaracoding.healthcare.definitions.authentications.NegativeAuthTest.step05(java.lang.String)&amp#27;[0m

    Embedding Negative Sign In Aplikasi Cura Healthcare [image/png 38682 bytes]

]]></system-out>
  </testcase>
  <testcase name="runScenario[&quot;Negative Sign In Aplikasi Cura Healthcare&quot;, &quot;Cura Healthcare&quot;](4)" classname="com.juaracoding.healthcare.definitions.runners.RunnersApp" time="24.66">
    <system-out><![CDATA[
Scenario Outline: Negative Sign In Aplikasi Cura Healthcare                                                      &amp#27;[90m# src/test/resources/features/AuthCuraHealth.feature:19&amp#27;[0m
  &amp#27;[32mGiven &amp#27;[0m&amp#27;[32muser masuk ke halaman login.&amp#27;[0m                                                                             &amp#27;[90m# com.juaracoding.healthcare.definitions.authentications.NegativeAuthTest.step01()&amp#27;[0m

    Embedding Screenshot - Input Username : John Doe [image/png 38670 bytes]

  &amp#27;[32mWhen &amp#27;[0m&amp#27;[32mpengguna memasukkan username &amp#27;[0m&amp#27;[32m&amp#27;[1m"John Doe"&amp#27;[0m&amp#27;[32m.&amp#27;[0m                                                                  &amp#27;[90m# com.juaracoding.healthcare.definitions.authentications.NegativeAuthTest.step02(java.lang.String)&amp#27;[0m

    Embedding Screenshot - Input Password :  [image/png 40232 bytes]

  &amp#27;[32mAnd &amp#27;[0m&amp#27;[32mpengguna memasukkan password &amp#27;[0m&amp#27;[32m&amp#27;[1m""&amp#27;[0m&amp#27;[32m.&amp#27;[0m                                                                           &amp#27;[90m# com.juaracoding.healthcare.definitions.authentications.NegativeAuthTest.step03(java.lang.String)&amp#27;[0m
  &amp#27;[32mAnd &amp#27;[0m&amp#27;[32mpengguna menekan tombol masuk.&amp#27;[0m                                                                             &amp#27;[90m# com.juaracoding.healthcare.definitions.authentications.NegativeAuthTest.step04()&amp#27;[0m

    Embedding Screenshot - Pesan Error : Login failed! Please ensure the username and password are valid. [image/png 38613 bytes]

  &amp#27;[32mThen &amp#27;[0m&amp#27;[32mpengguna akan melihat pesan kesalahan &amp#27;[0m&amp#27;[32m&amp#27;[1m"Login failed! Please ensure the username and password are valid."&amp#27;[0m&amp#27;[32m.&amp#27;[0m &amp#27;[90m# com.juaracoding.healthcare.definitions.authentications.NegativeAuthTest.step05(java.lang.String)&amp#27;[0m

    Embedding Negative Sign In Aplikasi Cura Healthcare [image/png 38626 bytes]

]]></system-out>
  </testcase>
  <testcase name="runScenario[&quot;Negative Sign In Aplikasi Cura Healthcare&quot;, &quot;Cura Healthcare&quot;](5)" classname="com.juaracoding.healthcare.definitions.runners.RunnersApp" time="17.128">
    <system-out><![CDATA[
Scenario Outline: Negative Sign In Aplikasi Cura Healthcare                                                      &amp#27;[90m# src/test/resources/features/AuthCuraHealth.feature:20&amp#27;[0m
  &amp#27;[32mGiven &amp#27;[0m&amp#27;[32muser masuk ke halaman login.&amp#27;[0m                                                                             &amp#27;[90m# com.juaracoding.healthcare.definitions.authentications.NegativeAuthTest.step01()&amp#27;[0m

    Embedding Screenshot - Input Username :  [image/png 37809 bytes]

  &amp#27;[32mWhen &amp#27;[0m&amp#27;[32mpengguna memasukkan username &amp#27;[0m&amp#27;[32m&amp#27;[1m""&amp#27;[0m&amp#27;[32m.&amp#27;[0m                                                                          &amp#27;[90m# com.juaracoding.healthcare.definitions.authentications.NegativeAuthTest.step02(java.lang.String)&amp#27;[0m

    Embedding Screenshot - Input Password :  [image/png 39426 bytes]

  &amp#27;[32mAnd &amp#27;[0m&amp#27;[32mpengguna memasukkan password &amp#27;[0m&amp#27;[32m&amp#27;[1m""&amp#27;[0m&amp#27;[32m.&amp#27;[0m                                                                           &amp#27;[90m# com.juaracoding.healthcare.definitions.authentications.NegativeAuthTest.step03(java.lang.String)&amp#27;[0m
  &amp#27;[32mAnd &amp#27;[0m&amp#27;[32mpengguna menekan tombol masuk.&amp#27;[0m                                                                             &amp#27;[90m# com.juaracoding.healthcare.definitions.authentications.NegativeAuthTest.step04()&amp#27;[0m

    Embedding Screenshot - Pesan Error : Login failed! Please ensure the username and password are valid. [image/png 38618 bytes]

  &amp#27;[32mThen &amp#27;[0m&amp#27;[32mpengguna akan melihat pesan kesalahan &amp#27;[0m&amp#27;[32m&amp#27;[1m"Login failed! Please ensure the username and password are valid."&amp#27;[0m&amp#27;[32m.&amp#27;[0m &amp#27;[90m# com.juaracoding.healthcare.definitions.authentications.NegativeAuthTest.step05(java.lang.String)&amp#27;[0m

    Embedding Negative Sign In Aplikasi Cura Healthcare [image/png 38629 bytes]

]]></system-out>
  </testcase>
  <testcase name="runScenario[&quot;Navigasi ke Halaman History&quot;, &quot;History menu&quot;](6)" classname="com.juaracoding.healthcare.definitions.runners.RunnersApp" time="20.593">
    <system-out><![CDATA[
Scenario: Navigasi ke Halaman History          &amp#27;[90m# src/test/resources/features/History.feature:5&amp#27;[0m
  &amp#27;[32mGiven &amp#27;[0m&amp#27;[32muser dibawa ke halaman history&amp#27;[0m         &amp#27;[90m# com.juaracoding.healthcare.definitions.history.NavigateToHistorySteps.step01()&amp#27;[0m
  &amp#27;[32mThen &amp#27;[0m&amp#27;[32muser melihat halaman history &amp#27;[0m&amp#27;[32m&amp#27;[1m"History"&amp#27;[0m&amp#27;[32m.&amp#27;[0m &amp#27;[90m# com.juaracoding.healthcare.definitions.history.NavigateToHistorySteps.step02(java.lang.String)&amp#27;[0m

    Embedding Navigasi ke Halaman History [image/png 34811 bytes]

]]></system-out>
  </testcase>
  <testcase name="runScenario[&quot;Navigasi From History go to Home Page&quot;, &quot;History menu&quot;](7)" classname="com.juaracoding.healthcare.definitions.runners.RunnersApp" time="22.995">
    <system-out><![CDATA[
Scenario: Navigasi From History go to Home Page &amp#27;[90m# src/test/resources/features/History.feature:9&amp#27;[0m
  &amp#27;[32mGiven &amp#27;[0m&amp#27;[32muser berada di halaman History&amp#27;[0m          &amp#27;[90m# com.juaracoding.healthcare.definitions.history.NavigateHistoryToHome.step01()&amp#27;[0m
  &amp#27;[32mWhen &amp#27;[0m&amp#27;[32muser menekan tombol Go To Homepage&amp#27;[0m       &amp#27;[90m# com.juaracoding.healthcare.definitions.history.NavigateHistoryToHome.step02()&amp#27;[0m
  &amp#27;[32mThen &amp#27;[0m&amp#27;[32muser sudah berada di halaman Home&amp#27;[0m        &amp#27;[90m# com.juaracoding.healthcare.definitions.history.NavigateHistoryToHome.step03()&amp#27;[0m

    Embedding Navigasi From History go to Home Page [image/png 1106800 bytes]

]]></system-out>
  </testcase>
  <testcase name="runScenario[&quot;Negative : User melihat tidak ada form data Appointment di History&quot;, &quot;History menu&quot;](8)" classname="com.juaracoding.healthcare.definitions.runners.RunnersApp" time="21.11">
    <system-out><![CDATA[
Scenario: Negative : User melihat tidak ada form data Appointment di History   &amp#27;[90m# src/test/resources/features/History.feature:14&amp#27;[0m
  &amp#27;[32mGiven &amp#27;[0m&amp#27;[32muser berada di halaman dashboard.&amp#27;[0m                                      &amp#27;[90m# com.juaracoding.healthcare.definitions.history.NegativeHistoryNoData.step01()&amp#27;[0m
  &amp#27;[32mWhen &amp#27;[0m&amp#27;[32muser klik tombol menu samping&amp#27;[0m                                           &amp#27;[90m# com.juaracoding.healthcare.definitions.history.NegativeHistoryNoData.step02()&amp#27;[0m
  &amp#27;[32mAnd &amp#27;[0m&amp#27;[32muser klik menu History&amp#27;[0m                                                   &amp#27;[90m# com.juaracoding.healthcare.definitions.history.NegativeHistoryNoData.step03()&amp#27;[0m
  &amp#27;[32mThen &amp#27;[0m&amp#27;[32muser berada di halaman history tanpa data Appointment &amp#27;[0m&amp#27;[32m&amp#27;[1m"No appointment."&amp#27;[0m &amp#27;[90m# com.juaracoding.healthcare.definitions.history.NegativeHistoryNoData.step04(java.lang.String)&amp#27;[0m

    Embedding Negative : User melihat tidak ada form data Appointment di History [image/png 34812 bytes]

]]></system-out>
  </testcase>
  <testcase name="runScenario[&quot;Validasi Menampilkan Riwayat Pengajuan di Halaman History by Date&quot;, &quot;History menu&quot;](9)" classname="com.juaracoding.healthcare.definitions.runners.RunnersApp" time="22.693">
    <system-out><![CDATA[
Scenario: Validasi Menampilkan Riwayat Pengajuan di Halaman History by Date                             &amp#27;[90m# src/test/resources/features/History.feature:29&amp#27;[0m
  &amp#27;[32mGiven &amp#27;[0m&amp#27;[32mpengguna berada di halaman dashboard&amp#27;[0m                                                            &amp#27;[90m# com.juaracoding.healthcare.definitions.history.ValidationHistorySteps.step01()&amp#27;[0m
  &amp#27;[32mWhen &amp#27;[0m&amp#27;[32mpengguna melakukan submit data &amp#27;[0m&amp#27;[32m&amp#27;[1m"Hongkong CURA Healthcare Center"&amp#27;[0m&amp#27;[32m dan &amp#27;[0m&amp#27;[32m&amp#27;[1m"dadada"&amp#27;[0m&amp#27;[32m serta &amp#27;[0m&amp#27;[32m&amp#27;[1m"30/09/2025"&amp#27;[0m &amp#27;[90m# com.juaracoding.healthcare.definitions.history.ValidationHistorySteps.step02(java.lang.String,java.lang.String,java.lang.String)&amp#27;[0m

    Embedding Screenshot - dataAppoinment [image/png 54875 bytes]

  &amp#27;[32mAnd &amp#27;[0m&amp#27;[32muser klik tombol booking Appoinment&amp#27;[0m                                                               &amp#27;[90m# com.juaracoding.healthcare.definitions.history.ValidationHistorySteps.step03()&amp#27;[0m
  &amp#27;[32mAnd &amp#27;[0m&amp#27;[32muser klik menu History di side bar&amp#27;[0m                                                                &amp#27;[90m# com.juaracoding.healthcare.definitions.history.ValidationHistorySteps.step04()&amp#27;[0m
  &amp#27;[32mThen &amp#27;[0m&amp#27;[32muser berada di halaman History dan data history tersedia &amp#27;[0m&amp#27;[32m&amp#27;[1m"30/09/2025"&amp#27;[0m                            &amp#27;[90m# com.juaracoding.healthcare.definitions.history.ValidationHistorySteps.step05(java.lang.String)&amp#27;[0m

    Embedding Validasi Menampilkan Riwayat Pengajuan di Halaman History by Date [image/png 37750 bytes]

]]></system-out>
  </testcase>
  <testcase name="runScenario[&quot;Validasi Menampilkan Riwayat Pengajuan di Halaman History by Date&quot;, &quot;History menu&quot;](10)" classname="com.juaracoding.healthcare.definitions.runners.RunnersApp" time="25.432">
    <system-out><![CDATA[
Scenario: Validasi Menampilkan Riwayat Pengajuan di Halaman History by Date                           &amp#27;[90m# src/test/resources/features/History.feature:30&amp#27;[0m
  &amp#27;[32mGiven &amp#27;[0m&amp#27;[32mpengguna berada di halaman dashboard&amp#27;[0m                                                          &amp#27;[90m# com.juaracoding.healthcare.definitions.history.ValidationHistorySteps.step01()&amp#27;[0m
  &amp#27;[32mWhen &amp#27;[0m&amp#27;[32mpengguna melakukan submit data &amp#27;[0m&amp#27;[32m&amp#27;[1m"Tokyo CURA Healthcare Center"&amp#27;[0m&amp#27;[32m dan &amp#27;[0m&amp#27;[32m&amp#27;[1m"test123"&amp#27;[0m&amp#27;[32m serta &amp#27;[0m&amp#27;[32m&amp#27;[1m"20/10/2025"&amp#27;[0m &amp#27;[90m# com.juaracoding.healthcare.definitions.history.ValidationHistorySteps.step02(java.lang.String,java.lang.String,java.lang.String)&amp#27;[0m

    Embedding Screenshot - dataAppoinment [image/png 54663 bytes]

  &amp#27;[32mAnd &amp#27;[0m&amp#27;[32muser klik tombol booking Appoinment&amp#27;[0m                                                             &amp#27;[90m# com.juaracoding.healthcare.definitions.history.ValidationHistorySteps.step03()&amp#27;[0m
  &amp#27;[32mAnd &amp#27;[0m&amp#27;[32muser klik menu History di side bar&amp#27;[0m                                                              &amp#27;[90m# com.juaracoding.healthcare.definitions.history.ValidationHistorySteps.step04()&amp#27;[0m
  &amp#27;[32mThen &amp#27;[0m&amp#27;[32muser berada di halaman History dan data history tersedia &amp#27;[0m&amp#27;[32m&amp#27;[1m"20/10/2025"&amp#27;[0m                          &amp#27;[90m# com.juaracoding.healthcare.definitions.history.ValidationHistorySteps.step05(java.lang.String)&amp#27;[0m

    Embedding Validasi Menampilkan Riwayat Pengajuan di Halaman History by Date [image/png 37709 bytes]

]]></system-out>
  </testcase>
  <testcase name="runScenario[&quot;Validasi Menampilkan Riwayat Pengajuan di Halaman History by Date&quot;, &quot;History menu&quot;](11)" classname="com.juaracoding.healthcare.definitions.runners.RunnersApp" time="23.991">
    <system-out><![CDATA[
Scenario: Validasi Menampilkan Riwayat Pengajuan di Halaman History by Date                           &amp#27;[90m# src/test/resources/features/History.feature:31&amp#27;[0m
  &amp#27;[32mGiven &amp#27;[0m&amp#27;[32mpengguna berada di halaman dashboard&amp#27;[0m                                                          &amp#27;[90m# com.juaracoding.healthcare.definitions.history.ValidationHistorySteps.step01()&amp#27;[0m
  &amp#27;[32mWhen &amp#27;[0m&amp#27;[32mpengguna melakukan submit data &amp#27;[0m&amp#27;[32m&amp#27;[1m"Seoul CURA Healthcare Center"&amp#27;[0m&amp#27;[32m dan &amp#27;[0m&amp#27;[32m&amp#27;[1m"kwkwkwk"&amp#27;[0m&amp#27;[32m serta &amp#27;[0m&amp#27;[32m&amp#27;[1m"18/11/2025"&amp#27;[0m &amp#27;[90m# com.juaracoding.healthcare.definitions.history.ValidationHistorySteps.step02(java.lang.String,java.lang.String,java.lang.String)&amp#27;[0m

    Embedding Screenshot - dataAppoinment [image/png 54525 bytes]

  &amp#27;[32mAnd &amp#27;[0m&amp#27;[32muser klik tombol booking Appoinment&amp#27;[0m                                                             &amp#27;[90m# com.juaracoding.healthcare.definitions.history.ValidationHistorySteps.step03()&amp#27;[0m
  &amp#27;[32mAnd &amp#27;[0m&amp#27;[32muser klik menu History di side bar&amp#27;[0m                                                              &amp#27;[90m# com.juaracoding.healthcare.definitions.history.ValidationHistorySteps.step04()&amp#27;[0m
  &amp#27;[32mThen &amp#27;[0m&amp#27;[32muser berada di halaman History dan data history tersedia &amp#27;[0m&amp#27;[32m&amp#27;[1m"18/11/2025"&amp#27;[0m                          &amp#27;[90m# com.juaracoding.healthcare.definitions.history.ValidationHistorySteps.step05(java.lang.String)&amp#27;[0m

    Embedding Validasi Menampilkan Riwayat Pengajuan di Halaman History by Date [image/png 37246 bytes]

]]></system-out>
  </testcase>
  <testcase name="runScenario[&quot;Validasi Riwayat History dengan labels dan value&quot;, &quot;History menu&quot;](12)" classname="com.juaracoding.healthcare.definitions.runners.RunnersApp" time="26.054">
    <system-out><![CDATA[
Scenario Outline: Validasi Riwayat History dengan labels dan value                                                             &amp#27;[90m# src/test/resources/features/History.feature:42&amp#27;[0m
  &amp#27;[32mGiven &amp#27;[0m&amp#27;[32mpengguna ada di halaman dashboard.&amp#27;[0m                                                                                     &amp#27;[90m# com.juaracoding.healthcare.definitions.history.ValidationLabelsValueSteps.step01()&amp#27;[0m
  &amp#27;[32mWhen &amp#27;[0m&amp#27;[32mpengguna mengisi form data, facility &amp#27;[0m&amp#27;[32m&amp#27;[1m"Hongkong CURA Healthcare Center"&amp#27;[0m&amp#27;[32m, tgl &amp#27;[0m&amp#27;[32m&amp#27;[1m"10/10/2025"&amp#27;[0m&amp#27;[32m, keterangan &amp#27;[0m&amp#27;[32m&amp#27;[1m"labels_value"&amp#27;[0m&amp#27;[32m.&amp#27;[0m    &amp#27;[90m# com.juaracoding.healthcare.definitions.history.ValidationLabelsValueSteps.step02(java.lang.String,java.lang.String,java.lang.String)&amp#27;[0m

    Embedding Screenshot - FormData [image/png 54968 bytes]

  &amp#27;[32mAnd &amp#27;[0m&amp#27;[32mpengguna menekan tombol booking Appoinment&amp#27;[0m                                                                               &amp#27;[90m# com.juaracoding.healthcare.definitions.history.ValidationLabelsValueSteps.step03()&amp#27;[0m
  &amp#27;[32mAnd &amp#27;[0m&amp#27;[32mpengguna menekan menu History di side bar&amp#27;[0m                                                                                &amp#27;[90m# com.juaracoding.healthcare.definitions.history.ValidationLabelsValueSteps.step04()&amp#27;[0m
  &amp#27;[32mThen &amp#27;[0m&amp#27;[32mpengguna berada di halaman History dan melihat data &amp#27;[0m&amp#27;[32m&amp#27;[1m"Facility"&amp#27;[0m&amp#27;[32m dengan nilai &amp#27;[0m&amp#27;[32m&amp#27;[1m"Hongkong CURA Healthcare Center"&amp#27;[0m&amp#27;[32m tersedia.&amp#27;[0m &amp#27;[90m# com.juaracoding.healthcare.definitions.history.ValidationLabelsValueSteps.step05(java.lang.String,java.lang.String)&amp#27;[0m

    Embedding Validasi Riwayat History dengan labels dan value [image/png 38049 bytes]

]]></system-out>
  </testcase>
  <testcase name="runScenario[&quot;Validasi Riwayat History dengan labels dan value&quot;, &quot;History menu&quot;](13)" classname="com.juaracoding.healthcare.definitions.runners.RunnersApp" time="24.019">
    <system-out><![CDATA[
Scenario Outline: Validasi Riwayat History dengan labels dan value                                                          &amp#27;[90m# src/test/resources/features/History.feature:43&amp#27;[0m
  &amp#27;[32mGiven &amp#27;[0m&amp#27;[32mpengguna ada di halaman dashboard.&amp#27;[0m                                                                                  &amp#27;[90m# com.juaracoding.healthcare.definitions.history.ValidationLabelsValueSteps.step01()&amp#27;[0m
  &amp#27;[32mWhen &amp#27;[0m&amp#27;[32mpengguna mengisi form data, facility &amp#27;[0m&amp#27;[32m&amp#27;[1m"Hongkong CURA Healthcare Center"&amp#27;[0m&amp#27;[32m, tgl &amp#27;[0m&amp#27;[32m&amp#27;[1m"10/10/2025"&amp#27;[0m&amp#27;[32m, keterangan &amp#27;[0m&amp#27;[32m&amp#27;[1m"labels_value"&amp#27;[0m&amp#27;[32m.&amp#27;[0m &amp#27;[90m# com.juaracoding.healthcare.definitions.history.ValidationLabelsValueSteps.step02(java.lang.String,java.lang.String,java.lang.String)&amp#27;[0m

    Embedding Screenshot - FormData [image/png 54968 bytes]

  &amp#27;[32mAnd &amp#27;[0m&amp#27;[32mpengguna menekan tombol booking Appoinment&amp#27;[0m                                                                            &amp#27;[90m# com.juaracoding.healthcare.definitions.history.ValidationLabelsValueSteps.step03()&amp#27;[0m
  &amp#27;[32mAnd &amp#27;[0m&amp#27;[32mpengguna menekan menu History di side bar&amp#27;[0m                                                                             &amp#27;[90m# com.juaracoding.healthcare.definitions.history.ValidationLabelsValueSteps.step04()&amp#27;[0m
  &amp#27;[32mThen &amp#27;[0m&amp#27;[32mpengguna berada di halaman History dan melihat data &amp#27;[0m&amp#27;[32m&amp#27;[1m"Apply for hospital readmission"&amp#27;[0m&amp#27;[32m dengan nilai &amp#27;[0m&amp#27;[32m&amp#27;[1m"Yes"&amp#27;[0m&amp#27;[32m tersedia.&amp#27;[0m    &amp#27;[90m# com.juaracoding.healthcare.definitions.history.ValidationLabelsValueSteps.step05(java.lang.String,java.lang.String)&amp#27;[0m

    Embedding Validasi Riwayat History dengan labels dan value [image/png 38095 bytes]

]]></system-out>
  </testcase>
  <testcase name="runScenario[&quot;Validasi Riwayat History dengan labels dan value&quot;, &quot;History menu&quot;](14)" classname="com.juaracoding.healthcare.definitions.runners.RunnersApp" time="24.032">
    <system-out><![CDATA[
Scenario Outline: Validasi Riwayat History dengan labels dan value                                                          &amp#27;[90m# src/test/resources/features/History.feature:44&amp#27;[0m
  &amp#27;[32mGiven &amp#27;[0m&amp#27;[32mpengguna ada di halaman dashboard.&amp#27;[0m                                                                                  &amp#27;[90m# com.juaracoding.healthcare.definitions.history.ValidationLabelsValueSteps.step01()&amp#27;[0m
  &amp#27;[32mWhen &amp#27;[0m&amp#27;[32mpengguna mengisi form data, facility &amp#27;[0m&amp#27;[32m&amp#27;[1m"Hongkong CURA Healthcare Center"&amp#27;[0m&amp#27;[32m, tgl &amp#27;[0m&amp#27;[32m&amp#27;[1m"10/10/2025"&amp#27;[0m&amp#27;[32m, keterangan &amp#27;[0m&amp#27;[32m&amp#27;[1m"labels_value"&amp#27;[0m&amp#27;[32m.&amp#27;[0m &amp#27;[90m# com.juaracoding.healthcare.definitions.history.ValidationLabelsValueSteps.step02(java.lang.String,java.lang.String,java.lang.String)&amp#27;[0m

    Embedding Screenshot - FormData [image/png 54968 bytes]

  &amp#27;[32mAnd &amp#27;[0m&amp#27;[32mpengguna menekan tombol booking Appoinment&amp#27;[0m                                                                            &amp#27;[90m# com.juaracoding.healthcare.definitions.history.ValidationLabelsValueSteps.step03()&amp#27;[0m
  &amp#27;[32mAnd &amp#27;[0m&amp#27;[32mpengguna menekan menu History di side bar&amp#27;[0m                                                                             &amp#27;[90m# com.juaracoding.healthcare.definitions.history.ValidationLabelsValueSteps.step04()&amp#27;[0m
  &amp#27;[32mThen &amp#27;[0m&amp#27;[32mpengguna berada di halaman History dan melihat data &amp#27;[0m&amp#27;[32m&amp#27;[1m"Healthcare Program"&amp#27;[0m&amp#27;[32m dengan nilai &amp#27;[0m&amp#27;[32m&amp#27;[1m"Medicare"&amp#27;[0m&amp#27;[32m tersedia.&amp#27;[0m           &amp#27;[90m# com.juaracoding.healthcare.definitions.history.ValidationLabelsValueSteps.step05(java.lang.String,java.lang.String)&amp#27;[0m

    Embedding Validasi Riwayat History dengan labels dan value [image/png 38387 bytes]

]]></system-out>
  </testcase>
  <testcase name="runScenario[&quot;Validasi Riwayat History dengan labels dan value&quot;, &quot;History menu&quot;](15)" classname="com.juaracoding.healthcare.definitions.runners.RunnersApp" time="29.1">
    <system-out><![CDATA[
Scenario Outline: Validasi Riwayat History dengan labels dan value                                                          &amp#27;[90m# src/test/resources/features/History.feature:45&amp#27;[0m
  &amp#27;[32mGiven &amp#27;[0m&amp#27;[32mpengguna ada di halaman dashboard.&amp#27;[0m                                                                                  &amp#27;[90m# com.juaracoding.healthcare.definitions.history.ValidationLabelsValueSteps.step01()&amp#27;[0m
  &amp#27;[32mWhen &amp#27;[0m&amp#27;[32mpengguna mengisi form data, facility &amp#27;[0m&amp#27;[32m&amp#27;[1m"Hongkong CURA Healthcare Center"&amp#27;[0m&amp#27;[32m, tgl &amp#27;[0m&amp#27;[32m&amp#27;[1m"10/10/2025"&amp#27;[0m&amp#27;[32m, keterangan &amp#27;[0m&amp#27;[32m&amp#27;[1m"labels_value"&amp#27;[0m&amp#27;[32m.&amp#27;[0m &amp#27;[90m# com.juaracoding.healthcare.definitions.history.ValidationLabelsValueSteps.step02(java.lang.String,java.lang.String,java.lang.String)&amp#27;[0m

    Embedding Screenshot - FormData [image/png 54968 bytes]

  &amp#27;[32mAnd &amp#27;[0m&amp#27;[32mpengguna menekan tombol booking Appoinment&amp#27;[0m                                                                            &amp#27;[90m# com.juaracoding.healthcare.definitions.history.ValidationLabelsValueSteps.step03()&amp#27;[0m
  &amp#27;[32mAnd &amp#27;[0m&amp#27;[32mpengguna menekan menu History di side bar&amp#27;[0m                                                                             &amp#27;[90m# com.juaracoding.healthcare.definitions.history.ValidationLabelsValueSteps.step04()&amp#27;[0m
  &amp#27;[32mThen &amp#27;[0m&amp#27;[32mpengguna berada di halaman History dan melihat data &amp#27;[0m&amp#27;[32m&amp#27;[1m"Comment"&amp#27;[0m&amp#27;[32m dengan nilai &amp#27;[0m&amp#27;[32m&amp#27;[1m"labels_value"&amp#27;[0m&amp#27;[32m tersedia.&amp#27;[0m                  &amp#27;[90m# com.juaracoding.healthcare.definitions.history.ValidationLabelsValueSteps.step05(java.lang.String,java.lang.String)&amp#27;[0m

    Embedding Validasi Riwayat History dengan labels dan value [image/png 38325 bytes]

]]></system-out>
  </testcase>
  <testcase name="runScenario[&quot;Navigasi ke halaman Profile&quot;, &quot;Profile Healthcare&quot;](16)" classname="com.juaracoding.healthcare.definitions.runners.RunnersApp" time="21.757">
    <system-out><![CDATA[
Scenario: Navigasi ke halaman Profile       &amp#27;[90m# src/test/resources/features/Profile.feature:8&amp#27;[0m
  &amp#27;[32mGiven &amp#27;[0m&amp#27;[32msaya dibawa ke halaman dashboard&amp#27;[0m    &amp#27;[90m# com.juaracoding.healthcare.definitions.profile.NavigateToProfileTest.step01()&amp#27;[0m
  &amp#27;[32mWhen &amp#27;[0m&amp#27;[32msaya menekan tombol menu di side bar&amp#27;[0m &amp#27;[90m# com.juaracoding.healthcare.definitions.profile.NavigateToProfileTest.step02()&amp#27;[0m
  &amp#27;[32mAnd &amp#27;[0m&amp#27;[32msaya menekan tombol menu profile&amp#27;[0m      &amp#27;[90m# com.juaracoding.healthcare.definitions.profile.NavigateToProfileTest.step03()&amp#27;[0m
  &amp#27;[32mThen &amp#27;[0m&amp#27;[32msaya sudah berada di halaman profile&amp#27;[0m &amp#27;[90m# com.juaracoding.healthcare.definitions.profile.NavigateToProfileTest.step04()&amp#27;[0m

    Embedding Navigasi ke halaman Profile [image/png 57764 bytes]

]]></system-out>
  </testcase>
  <testcase name="runScenario[&quot;Sign to Aplikasi Cura HEALTHCARE&quot;, &quot;CURA HEALTHCARE&quot;](17)" classname="com.juaracoding.healthcare.definitions.runners.RunnersApp" time="20.053">
    <system-out><![CDATA[
Scenario: Sign to Aplikasi Cura HEALTHCARE                                                      &amp#27;[90m# src/test/resources/features/curahealt.feature:7&amp#27;[0m
  &amp#27;[32mGiven &amp#27;[0m&amp#27;[32mpengguna masuk ke halaman login.&amp#27;[0m                                                        &amp#27;[90m# com.juaracoding.healthcare.definitions.authentications.LoginTest.step01()&amp#27;[0m
  &amp#27;[32mWhen &amp#27;[0m&amp#27;[32muser klik button make appointment&amp#27;[0m                                                        &amp#27;[90m# com.juaracoding.healthcare.definitions.authentications.LoginTest.step02()&amp#27;[0m
  &amp#27;[32mAnd &amp#27;[0m&amp#27;[32muser melakukan login dengan username dan password&amp#27;[0m                                         &amp#27;[90m# com.juaracoding.healthcare.definitions.authentications.LoginTest.step03()&amp#27;[0m
  &amp#27;[32mThen &amp#27;[0m&amp#27;[32muser di bawa kehalaman dengan url &amp#27;[0m&amp#27;[32m&amp#27;[1m"https://katalon-demo-cura.herokuapp.com/#appointment"&amp#27;[0m &amp#27;[90m# com.juaracoding.healthcare.definitions.authentications.LoginTest.step04(java.lang.String)&amp#27;[0m

    Embedding Sign to Aplikasi Cura HEALTHCARE [image/png 38014 bytes]

]]></system-out>
  </testcase>
  <testcase name="runScenario[&quot;Validasi Melakukan Pemesanan Janji Temu&quot;, &quot;CURA HEALTHCARE&quot;](18)" classname="com.juaracoding.healthcare.definitions.runners.RunnersApp" time="23.407">
    <system-out><![CDATA[
Scenario: Validasi Melakukan Pemesanan Janji Temu                                              &amp#27;[90m# src/test/resources/features/curahealt.feature:13&amp#27;[0m
  &amp#27;[32mGiven &amp#27;[0m&amp#27;[32mpengguna berada di halaman dashboard.&amp#27;[0m                                                  &amp#27;[90m# com.juaracoding.healthcare.definitions.orders.OrdersJanjiTemuTest.step01()&amp#27;[0m
  &amp#27;[32mWhen &amp#27;[0m&amp#27;[32muser memilih lokasi fasilitas kesehatan &amp#27;[0m&amp#27;[32m&amp#27;[1m"Seoul CURA Healthcare Center"&amp#27;[0m                  &amp#27;[90m# com.juaracoding.healthcare.definitions.orders.OrdersJanjiTemuTest.step02(java.lang.String)&amp#27;[0m

    Embedding Screenshot - Cek Box [image/png 38559 bytes]

  &amp#27;[32mAnd &amp#27;[0m&amp#27;[32muser ceklis apply for hospital readmission dan ceklis Healthcare program Medicaid&amp#27;[0m        &amp#27;[90m# com.juaracoding.healthcare.definitions.orders.OrdersJanjiTemuTest.step03()&amp#27;[0m
  &amp#27;[32mAnd &amp#27;[0m&amp#27;[32muser klik icon calender dan memilih tanggal &amp#27;[0m&amp#27;[32m&amp#27;[1m"15/09/2025"&amp#27;[0m                                 &amp#27;[90m# com.juaracoding.healthcare.definitions.orders.OrdersJanjiTemuTest.step04(java.lang.String)&amp#27;[0m
  &amp#27;[32mAnd &amp#27;[0m&amp#27;[32muser mengisi keterangan &amp#27;[0m&amp#27;[32m&amp#27;[1m"testaja"&amp#27;[0m                                                        &amp#27;[90m# com.juaracoding.healthcare.definitions.orders.OrdersJanjiTemuTest.step05(java.lang.String)&amp#27;[0m
  &amp#27;[32mThen &amp#27;[0m&amp#27;[32muser klik tombol booking dan Appointment berhasil di lakukan &amp#27;[0m&amp#27;[32m&amp#27;[1m"Appointment Confirmation"&amp#27;[0m &amp#27;[90m# com.juaracoding.healthcare.definitions.orders.OrdersJanjiTemuTest.step06(java.lang.String)&amp#27;[0m

    Embedding Validasi Melakukan Pemesanan Janji Temu [image/png 46317 bytes]

]]></system-out>
  </testcase>
  <testcase name="runScenario[&quot;Log out from Aplikasi Cura Healthcare&quot;, &quot;CURA HEALTHCARE&quot;](19)" classname="com.juaracoding.healthcare.definitions.runners.RunnersApp" time="27.802">
    <system-out><![CDATA[
Scenario: Log out from Aplikasi Cura Healthcare &amp#27;[90m# src/test/resources/features/curahealt.feature:21&amp#27;[0m
  &amp#27;[32mGiven &amp#27;[0m&amp#27;[32muser berada di halaman dashboard&amp#27;[0m        &amp#27;[90m# com.juaracoding.healthcare.definitions.authentications.LogOutTest.step01()&amp#27;[0m
  &amp#27;[32mWhen &amp#27;[0m&amp#27;[32muser menekan tombol menu samping&amp#27;[0m         &amp#27;[90m# com.juaracoding.healthcare.definitions.authentications.LogOutTest.step02()&amp#27;[0m
  &amp#27;[32mAnd &amp#27;[0m&amp#27;[32muser menekan tombol logout&amp#27;[0m                &amp#27;[90m# com.juaracoding.healthcare.definitions.authentications.LogOutTest.step03()&amp#27;[0m
  &amp#27;[32mThen &amp#27;[0m&amp#27;[32muser telah keluar dari halaman login&amp#27;[0m     &amp#27;[90m# com.juaracoding.healthcare.definitions.authentications.LogOutTest.step04()&amp#27;[0m

    Embedding Log out from Aplikasi Cura Healthcare [image/png 1105905 bytes]

]]></system-out>
  </testcase>
  <testcase name="runScenario[&quot;Melakukan Scroll down&quot;, &quot;CURA HEALTHCARE&quot;](20)" classname="com.juaracoding.healthcare.definitions.runners.RunnersApp" time="22.624">
    <system-out><![CDATA[
Scenario: Melakukan Scroll down                 &amp#27;[90m# src/test/resources/features/curahealt.feature:27&amp#27;[0m
  &amp#27;[32mGiven &amp#27;[0m&amp#27;[32muser di bawa kehalaman dashboard&amp#27;[0m        &amp#27;[90m# com.juaracoding.healthcare.definitions.scroll.NavigateToScroll.step01()&amp#27;[0m

    Embedding Screenshot - logo twitter [image/png 33835 bytes]

  &amp#27;[32mWhen &amp#27;[0m&amp#27;[32muser melakukan Scroll kebawah dan keatas&amp#27;[0m &amp#27;[90m# com.juaracoding.healthcare.definitions.scroll.NavigateToScroll.step02()&amp#27;[0m
  &amp#27;[32mThen &amp#27;[0m&amp#27;[32muser berhasil melakukan Scroll&amp#27;[0m           &amp#27;[90m# com.juaracoding.healthcare.definitions.scroll.NavigateToScroll.step03()&amp#27;[0m

    Embedding Melakukan Scroll down [image/png 34062 bytes]

]]></system-out>
  </testcase>
  <testcase name="runScenario[&quot;User melakukan pemesanan tanpa isi from&quot;, &quot;CURA HEALTHCARE&quot;](21)" classname="com.juaracoding.healthcare.definitions.runners.RunnersApp" time="17.128">
    <system-out><![CDATA[
Scenario: User melakukan pemesanan tanpa isi from            &amp#27;[90m# src/test/resources/features/curahealt.feature:32&amp#27;[0m
  &amp#27;[32mGiven &amp#27;[0m&amp#27;[32mpengguna ada di halaman dashboard&amp#27;[0m                    &amp#27;[90m# com.juaracoding.healthcare.definitions.orders.NegativeOrdersSteps.step01()&amp#27;[0m
  &amp#27;[32mWhen &amp#27;[0m&amp#27;[32mpengguna melakukan Scroll pada halaman dashboard&amp#27;[0m      &amp#27;[90m# com.juaracoding.healthcare.definitions.orders.NegativeOrdersSteps.step02()&amp#27;[0m
  &amp#27;[32mAnd &amp#27;[0m&amp#27;[32muser klik tombol booking tanpa mengisi data&amp#27;[0m            &amp#27;[90m# com.juaracoding.healthcare.definitions.orders.NegativeOrdersSteps.step03()&amp#27;[0m

    Embedding Screenshot - message UI : Please fill out this field [image/png 77448 bytes]

  &amp#27;[32mThen &amp#27;[0m&amp#27;[32muser melihat pesan error &amp#27;[0m&amp#27;[32m&amp#27;[1m"Please fill out this field"&amp#27;[0m &amp#27;[90m# com.juaracoding.healthcare.definitions.orders.NegativeOrdersSteps.step04(java.lang.String)&amp#27;[0m

    Embedding User melakukan pemesanan tanpa isi from [image/png 80330 bytes]

]]></system-out>
  </testcase>
</testsuite>